{"level":"info","message":"palid => #ruchacze.teoretycy: bardzo mi sie nie podoba że logi są standardowo w JSONie robione"}
{"level":"info","message":"palid => #ruchacze.teoretycy: a nie po prostu jako stringi"}
{"level":"info","message":"kozak127 => #ruchacze.teoretycy: chujowo"}
{"level":"info","message":"palid => #ruchacze.teoretycy: bede musiał zrobić parser na te logi"}
{"level":"info","message":"palid => #ruchacze.teoretycy: albo zmodyfikowac cos"}
{"level":"info","message":"kozak127 => #ruchacze.teoretycy: parser zanim log zostanie zapisany"}
{"level":"info","message":"kozak127 => #ruchacze.teoretycy: żeby ładny czysty string był w pliku"}
{"level":"info","message":"palid => #ruchacze.teoretycy: hm"}
{"level":"info","message":"palid => #ruchacze.teoretycy: mozna by zrobic nawet appke która by szukała po tych logach"}
{"level":"info","message":"palid => #ruchacze.teoretycy: wiesz, prosta webappka"}
{"level":"info","message":"palid => #ruchacze.teoretycy: i wtedy json jest elo"}
{"level":"info","message":"kozak127 => #ruchacze.teoretycy: czy ja wiem"}
{"level":"info","message":"palid => #ruchacze.teoretycy: ale ja wiem XD"}
{"level":"info","message":"palid => #ruchacze.teoretycy: chcesz po stringach szukac?"}
{"level":"info","message":"kozak127 => #ruchacze.teoretycy: tak"}
{"level":"info","message":"palid => #ruchacze.teoretycy: to jesteś debil XD"}
{"level":"info","message":"kozak127 => #ruchacze.teoretycy: żeby to regexy obsługiwało"}
{"level":"info","message":"kozak127 => #ruchacze.teoretycy: to jest super"}
{"level":"info","message":"kozak127 => #ruchacze.teoretycy: nie, debilne jest trzymanie logów w jsonach"}
{"level":"info","message":"palid => #ruchacze.teoretycy: e"}
{"level":"info","message":"palid => #ruchacze.teoretycy: obsługuje"}
{"level":"info","message":"kozak127 => #ruchacze.teoretycy: palid: chcesz szukać grepem po jsonach?"}
{"level":"info","message":"kozak127 => #ruchacze.teoretycy: wiesz jak to boli?"}
{"level":"info","message":"palid => #ruchacze.teoretycy: kozak127: mowie ze zrobie parser debilu XD"}
{"level":"info","message":"palid => #ruchacze.teoretycy: i bedzie logs>"}
{"level":"info","message":"kozak127 => #ruchacze.teoretycy: palid: powinieneś zapisywać plik w najlepszej możliwej postaci"}
{"level":"info","message":"palid => #ruchacze.teoretycy: json"}
{"level":"info","message":"palid => #ruchacze.teoretycy: string"}
{"level":"info","message":"palid => #ruchacze.teoretycy: i chuj"}
{"level":"info","message":"kozak127 => #ruchacze.teoretycy: zamiast robić parser"}
{"level":"info","message":"palid => #ruchacze.teoretycy: I TAK MUSZE ZROBIC PARSER"}
{"level":"info","message":"kozak127 => #ruchacze.teoretycy: tak jak wszystkie standardowe klienty irca"}
{"level":"info","message":"kozak127 => #ruchacze.teoretycy: to rób. Jezu. Co ja się będę sprzeczał"}
{"level":"info","message":"palid => #ruchacze.teoretycy: a jak bedzie w jsonie to moge to latwo wykorzystac w przypadku szukania po logach przez internety"}
{"level":"info","message":"palid => #ruchacze.teoretycy: kurwa kozak"}
{"level":"info","message":"palid => #ruchacze.teoretycy: ale ja wykorzystuje gotowa libke"}
{"level":"info","message":"kozak127 => #ruchacze.teoretycy: palid: po prostu, to sobie rób. Co mnie do tego"}
{"level":"info","message":"kozak127 => #ruchacze.teoretycy: twój projekt XD"}
{"level":"info","message":"kozak127 => #ruchacze.teoretycy: ja bym to zrobił inaczej, i tyle. Ale nie robię bota"}
{"level":"info","message":"palid => #ruchacze.teoretycy: kozak127: toć mowie ze musze zrobic parser"}
{"level":"info","message":"palid => #ruchacze.teoretycy: albo przepisac funkcje zapisywania do pliku dosc mocno"}
